This file contains any messages produced by compilers while
running configure, to aid debugging if configure makes a mistake.

It was created by configure, which was
generated by GNU Autoconf 2.68.  Invocation command line was

  $ ./configure --includedir=/usr/local/tbsys/include

## --------- ##
## Platform. ##
## --------- ##

hostname = xfaster
uname -m = x86_64
uname -r = 3.9.0
uname -s = Linux
uname -v = #1 SMP Tue Jul 2 11:42:15 CST 2013

/usr/bin/uname -p = unknown
/bin/uname -X     = unknown

/bin/arch              = unknown
/usr/bin/arch -k       = unknown
/usr/convex/getsysinfo = unknown
/usr/bin/hostinfo      = unknown
/bin/machine           = unknown
/usr/bin/oslevel       = unknown
/bin/universe          = unknown

PATH: /usr/lib/lightdm/lightdm
PATH: /usr/local/sbin
PATH: /usr/local/bin
PATH: /usr/sbin
PATH: /usr/bin
PATH: /sbin
PATH: /bin
PATH: /usr/games
PATH: /usr/local/games


## ----------- ##
## Core tests. ##
## ----------- ##

configure:2646: checking for a BSD-compatible install
configure:2714: result: /usr/bin/install -c
configure:2725: checking whether build environment is sane
configure:2775: result: yes
configure:2916: checking for a thread-safe mkdir -p
configure:2955: result: /bin/mkdir -p
configure:2968: checking for gawk
configure:2984: found /usr/bin/gawk
configure:2995: result: gawk
configure:3006: checking whether make sets $(MAKE)
configure:3028: result: yes
configure:3168: checking for g++
configure:3184: found /usr/bin/g++
configure:3195: result: g++
configure:3222: checking for C++ compiler version
configure:3231: g++ --version >&5
g++ (Ubuntu/Linaro 4.7.3-1ubuntu1) 4.7.3
Copyright (C) 2012 Free Software Foundation, Inc.
This is free software; see the source for copying conditions.  There is NO
warranty; not even for MERCHANTABILITY or FITNESS FOR A PARTICULAR PURPOSE.

configure:3242: $? = 0
configure:3231: g++ -v >&5
Using built-in specs.
COLLECT_GCC=g++
COLLECT_LTO_WRAPPER=/usr/lib/gcc/x86_64-linux-gnu/4.7/lto-wrapper
Target: x86_64-linux-gnu
Configured with: ../src/configure -v --with-pkgversion='Ubuntu/Linaro 4.7.3-1ubuntu1' --with-bugurl=file:///usr/share/doc/gcc-4.7/README.Bugs --enable-languages=c,c++,go,fortran,objc,obj-c++ --prefix=/usr --program-suffix=-4.7 --enable-shared --enable-linker-build-id --libexecdir=/usr/lib --without-included-gettext --enable-threads=posix --with-gxx-include-dir=/usr/include/c++/4.7 --libdir=/usr/lib --enable-nls --with-sysroot=/ --enable-clocale=gnu --enable-libstdcxx-debug --enable-libstdcxx-time=yes --enable-gnu-unique-object --enable-plugin --with-system-zlib --enable-objc-gc --with-cloog --enable-cloog-backend=ppl --disable-cloog-version-check --disable-ppl-version-check --enable-multiarch --disable-werror --with-arch-32=i686 --with-abi=m64 --with-multilib-list=m32,m64,mx32 --with-tune=generic --enable-checking=release --build=x86_64-linux-gnu --host=x86_64-linux-gnu --target=x86_64-linux-gnu
Thread model: posix
gcc version 4.7.3 (Ubuntu/Linaro 4.7.3-1ubuntu1) 
configure:3242: $? = 0
configure:3231: g++ -V >&5
g++: error: unrecognized command line option '-V'
g++: fatal error: no input files
compilation terminated.
configure:3242: $? = 4
configure:3231: g++ -qversion >&5
g++: error: unrecognized command line option '-qversion'
g++: fatal error: no input files
compilation terminated.
configure:3242: $? = 4
configure:3262: checking whether the C++ compiler works
configure:3284: g++    conftest.cpp  >&5
configure:3288: $? = 0
configure:3336: result: yes
configure:3339: checking for C++ compiler default output file name
configure:3341: result: a.out
configure:3347: checking for suffix of executables
configure:3354: g++ -o conftest    conftest.cpp  >&5
configure:3358: $? = 0
configure:3380: result: 
configure:3402: checking whether we are cross compiling
configure:3410: g++ -o conftest    conftest.cpp  >&5
configure:3414: $? = 0
configure:3421: ./conftest
configure:3425: $? = 0
configure:3440: result: no
configure:3445: checking for suffix of object files
configure:3467: g++ -c   conftest.cpp >&5
configure:3471: $? = 0
configure:3492: result: o
configure:3496: checking whether we are using the GNU C++ compiler
configure:3515: g++ -c   conftest.cpp >&5
configure:3515: $? = 0
configure:3524: result: yes
configure:3533: checking whether g++ accepts -g
configure:3553: g++ -c -g  conftest.cpp >&5
configure:3553: $? = 0
configure:3594: result: yes
configure:3628: checking for style of include used by make
configure:3656: result: GNU
configure:3681: checking dependency style of g++
configure:3791: result: gcc3
configure:3854: checking for gcc
configure:3870: found /usr/bin/gcc
configure:3881: result: gcc
configure:4110: checking for C compiler version
configure:4119: gcc --version >&5
gcc (Ubuntu/Linaro 4.7.3-1ubuntu1) 4.7.3
Copyright (C) 2012 Free Software Foundation, Inc.
This is free software; see the source for copying conditions.  There is NO
warranty; not even for MERCHANTABILITY or FITNESS FOR A PARTICULAR PURPOSE.

configure:4130: $? = 0
configure:4119: gcc -v >&5
Using built-in specs.
COLLECT_GCC=gcc
COLLECT_LTO_WRAPPER=/usr/lib/gcc/x86_64-linux-gnu/4.7/lto-wrapper
Target: x86_64-linux-gnu
Configured with: ../src/configure -v --with-pkgversion='Ubuntu/Linaro 4.7.3-1ubuntu1' --with-bugurl=file:///usr/share/doc/gcc-4.7/README.Bugs --enable-languages=c,c++,go,fortran,objc,obj-c++ --prefix=/usr --program-suffix=-4.7 --enable-shared --enable-linker-build-id --libexecdir=/usr/lib --without-included-gettext --enable-threads=posix --with-gxx-include-dir=/usr/include/c++/4.7 --libdir=/usr/lib --enable-nls --with-sysroot=/ --enable-clocale=gnu --enable-libstdcxx-debug --enable-libstdcxx-time=yes --enable-gnu-unique-object --enable-plugin --with-system-zlib --enable-objc-gc --with-cloog --enable-cloog-backend=ppl --disable-cloog-version-check --disable-ppl-version-check --enable-multiarch --disable-werror --with-arch-32=i686 --with-abi=m64 --with-multilib-list=m32,m64,mx32 --with-tune=generic --enable-checking=release --build=x86_64-linux-gnu --host=x86_64-linux-gnu --target=x86_64-linux-gnu
Thread model: posix
gcc version 4.7.3 (Ubuntu/Linaro 4.7.3-1ubuntu1) 
configure:4130: $? = 0
configure:4119: gcc -V >&5
gcc: error: unrecognized command line option '-V'
gcc: fatal error: no input files
compilation terminated.
configure:4130: $? = 4
configure:4119: gcc -qversion >&5
gcc: error: unrecognized command line option '-qversion'
gcc: fatal error: no input files
compilation terminated.
configure:4130: $? = 4
configure:4134: checking whether we are using the GNU C compiler
configure:4153: gcc -c   conftest.c >&5
configure:4153: $? = 0
configure:4162: result: yes
configure:4171: checking whether gcc accepts -g
configure:4191: gcc -c -g  conftest.c >&5
configure:4191: $? = 0
configure:4232: result: yes
configure:4249: checking for gcc option to accept ISO C89
configure:4313: gcc  -c -g -O2  conftest.c >&5
configure:4313: $? = 0
configure:4326: result: none needed
configure:4348: checking dependency style of gcc
configure:4458: result: gcc3
configure:4478: checking how to run the C preprocessor
configure:4509: gcc -E  conftest.c
configure:4509: $? = 0
configure:4523: gcc -E  conftest.c
conftest.c:11:28: fatal error: ac_nonexistent.h: No such file or directory
compilation terminated.
configure:4523: $? = 1
configure: failed program was:
| /* confdefs.h */
| #define PACKAGE_NAME ""
| #define PACKAGE_TARNAME ""
| #define PACKAGE_VERSION ""
| #define PACKAGE_STRING ""
| #define PACKAGE_BUGREPORT ""
| #define PACKAGE_URL ""
| #define PACKAGE "tbnet"
| #define VERSION "0.1"
| /* end confdefs.h.  */
| #include <ac_nonexistent.h>
configure:4548: result: gcc -E
configure:4568: gcc -E  conftest.c
configure:4568: $? = 0
configure:4582: gcc -E  conftest.c
conftest.c:11:28: fatal error: ac_nonexistent.h: No such file or directory
compilation terminated.
configure:4582: $? = 1
configure: failed program was:
| /* confdefs.h */
| #define PACKAGE_NAME ""
| #define PACKAGE_TARNAME ""
| #define PACKAGE_VERSION ""
| #define PACKAGE_STRING ""
| #define PACKAGE_BUGREPORT ""
| #define PACKAGE_URL ""
| #define PACKAGE "tbnet"
| #define VERSION "0.1"
| /* end confdefs.h.  */
| #include <ac_nonexistent.h>
configure:4611: checking whether ln -s works
configure:4615: result: yes
configure:4622: checking whether make sets $(MAKE)
configure:4644: result: yes
configure:4682: checking build system type
configure:4696: result: x86_64-unknown-linux-gnu
configure:4716: checking host system type
configure:4729: result: x86_64-unknown-linux-gnu
configure:4749: checking for a sed that does not truncate output
configure:4813: result: /bin/sed
configure:4831: checking for grep that handles long lines and -e
configure:4889: result: /bin/grep
configure:4894: checking for egrep
configure:4956: result: /bin/grep -E
configure:4961: checking for fgrep
configure:5023: result: /bin/grep -F
configure:5058: checking for ld used by gcc
configure:5125: result: /usr/bin/ld
configure:5132: checking if the linker (/usr/bin/ld) is GNU ld
configure:5147: result: yes
configure:5159: checking for BSD- or MS-compatible name lister (nm)
configure:5208: result: /usr/bin/nm -B
configure:5326: checking the name lister (/usr/bin/nm -B) interface
configure:5333: gcc -c -g -O2  conftest.c >&5
configure:5336: /usr/bin/nm -B "conftest.o"
configure:5339: output
0000000000000000 B some_variable
configure:5346: result: BSD nm
configure:5350: checking the maximum length of command line arguments
configure:5470: result: 1572864
configure:5487: checking whether the shell understands some XSI constructs
configure:5497: result: yes
configure:5501: checking whether the shell understands "+="
configure:5507: result: yes
configure:5542: checking for /usr/bin/ld option to reload object files
configure:5549: result: -r
configure:5618: checking for objdump
configure:5634: found /usr/bin/objdump
configure:5645: result: objdump
configure:5677: checking how to recognize dependent libraries
configure:5873: result: pass_all
configure:5933: checking for ar
configure:5949: found /usr/bin/ar
configure:5960: result: ar
configure:6038: checking for strip
configure:6054: found /usr/bin/strip
configure:6065: result: strip
configure:6137: checking for ranlib
configure:6153: found /usr/bin/ranlib
configure:6164: result: ranlib
configure:6254: checking command to parse /usr/bin/nm -B output from gcc object
configure:6372: gcc -c -g -O2  conftest.c >&5
configure:6375: $? = 0
configure:6379: /usr/bin/nm -B conftest.o \| sed -n -e 's/^.*[	 ]\([ABCDGIRSTW][ABCDGIRSTW]*\)[	 ][	 ]*\([_A-Za-z][_A-Za-z0-9]*\)$/\1 \2 \2/p' \> conftest.nm
configure:6382: $? = 0
configure:6436: gcc -o conftest -g -O2   conftest.c conftstm.o >&5
configure:6439: $? = 0
configure:6477: result: ok
configure:6573: gcc -c -g -O2  conftest.c >&5
configure:6576: $? = 0
configure:7282: checking for ANSI C header files
configure:7302: gcc -c -g -O2  conftest.c >&5
configure:7302: $? = 0
configure:7375: gcc -o conftest -g -O2   conftest.c  >&5
configure:7375: $? = 0
configure:7375: ./conftest
configure:7375: $? = 0
configure:7386: result: yes
configure:7399: checking for sys/types.h
configure:7399: gcc -c -g -O2  conftest.c >&5
configure:7399: $? = 0
configure:7399: result: yes
configure:7399: checking for sys/stat.h
configure:7399: gcc -c -g -O2  conftest.c >&5
configure:7399: $? = 0
configure:7399: result: yes
configure:7399: checking for stdlib.h
configure:7399: gcc -c -g -O2  conftest.c >&5
configure:7399: $? = 0
configure:7399: result: yes
configure:7399: checking for string.h
configure:7399: gcc -c -g -O2  conftest.c >&5
configure:7399: $? = 0
configure:7399: result: yes
configure:7399: checking for memory.h
configure:7399: gcc -c -g -O2  conftest.c >&5
configure:7399: $? = 0
configure:7399: result: yes
configure:7399: checking for strings.h
configure:7399: gcc -c -g -O2  conftest.c >&5
configure:7399: $? = 0
configure:7399: result: yes
configure:7399: checking for inttypes.h
configure:7399: gcc -c -g -O2  conftest.c >&5
configure:7399: $? = 0
configure:7399: result: yes
configure:7399: checking for stdint.h
configure:7399: gcc -c -g -O2  conftest.c >&5
configure:7399: $? = 0
configure:7399: result: yes
configure:7399: checking for unistd.h
configure:7399: gcc -c -g -O2  conftest.c >&5
configure:7399: $? = 0
configure:7399: result: yes
configure:7413: checking for dlfcn.h
configure:7413: gcc -c -g -O2  conftest.c >&5
configure:7413: $? = 0
configure:7413: result: yes
configure:7538: checking for C++ compiler version
configure:7547: g++ --version >&5
g++ (Ubuntu/Linaro 4.7.3-1ubuntu1) 4.7.3
Copyright (C) 2012 Free Software Foundation, Inc.
This is free software; see the source for copying conditions.  There is NO
warranty; not even for MERCHANTABILITY or FITNESS FOR A PARTICULAR PURPOSE.

configure:7558: $? = 0
configure:7547: g++ -v >&5
Using built-in specs.
COLLECT_GCC=g++
COLLECT_LTO_WRAPPER=/usr/lib/gcc/x86_64-linux-gnu/4.7/lto-wrapper
Target: x86_64-linux-gnu
Configured with: ../src/configure -v --with-pkgversion='Ubuntu/Linaro 4.7.3-1ubuntu1' --with-bugurl=file:///usr/share/doc/gcc-4.7/README.Bugs --enable-languages=c,c++,go,fortran,objc,obj-c++ --prefix=/usr --program-suffix=-4.7 --enable-shared --enable-linker-build-id --libexecdir=/usr/lib --without-included-gettext --enable-threads=posix --with-gxx-include-dir=/usr/include/c++/4.7 --libdir=/usr/lib --enable-nls --with-sysroot=/ --enable-clocale=gnu --enable-libstdcxx-debug --enable-libstdcxx-time=yes --enable-gnu-unique-object --enable-plugin --with-system-zlib --enable-objc-gc --with-cloog --enable-cloog-backend=ppl --disable-cloog-version-check --disable-ppl-version-check --enable-multiarch --disable-werror --with-arch-32=i686 --with-abi=m64 --with-multilib-list=m32,m64,mx32 --with-tune=generic --enable-checking=release --build=x86_64-linux-gnu --host=x86_64-linux-gnu --target=x86_64-linux-gnu
Thread model: posix
gcc version 4.7.3 (Ubuntu/Linaro 4.7.3-1ubuntu1) 
configure:7558: $? = 0
configure:7547: g++ -V >&5
g++: error: unrecognized command line option '-V'
g++: fatal error: no input files
compilation terminated.
configure:7558: $? = 4
configure:7547: g++ -qversion >&5
g++: error: unrecognized command line option '-qversion'
g++: fatal error: no input files
compilation terminated.
configure:7558: $? = 4
configure:7562: checking whether we are using the GNU C++ compiler
configure:7590: result: yes
configure:7599: checking whether g++ accepts -g
configure:7660: result: yes
configure:7685: checking dependency style of g++
configure:7795: result: gcc3
configure:7818: checking how to run the C++ preprocessor
configure:7845: g++ -E  conftest.cpp
configure:7845: $? = 0
configure:7859: g++ -E  conftest.cpp
conftest.cpp:22:28: fatal error: ac_nonexistent.h: No such file or directory
compilation terminated.
configure:7859: $? = 1
configure: failed program was:
| /* confdefs.h */
| #define PACKAGE_NAME ""
| #define PACKAGE_TARNAME ""
| #define PACKAGE_VERSION ""
| #define PACKAGE_STRING ""
| #define PACKAGE_BUGREPORT ""
| #define PACKAGE_URL ""
| #define PACKAGE "tbnet"
| #define VERSION "0.1"
| #define STDC_HEADERS 1
| #define HAVE_SYS_TYPES_H 1
| #define HAVE_SYS_STAT_H 1
| #define HAVE_STDLIB_H 1
| #define HAVE_STRING_H 1
| #define HAVE_MEMORY_H 1
| #define HAVE_STRINGS_H 1
| #define HAVE_INTTYPES_H 1
| #define HAVE_STDINT_H 1
| #define HAVE_UNISTD_H 1
| #define HAVE_DLFCN_H 1
| /* end confdefs.h.  */
| #include <ac_nonexistent.h>
configure:7884: result: g++ -E
configure:7904: g++ -E  conftest.cpp
configure:7904: $? = 0
configure:7918: g++ -E  conftest.cpp
conftest.cpp:22:28: fatal error: ac_nonexistent.h: No such file or directory
compilation terminated.
configure:7918: $? = 1
configure: failed program was:
| /* confdefs.h */
| #define PACKAGE_NAME ""
| #define PACKAGE_TARNAME ""
| #define PACKAGE_VERSION ""
| #define PACKAGE_STRING ""
| #define PACKAGE_BUGREPORT ""
| #define PACKAGE_URL ""
| #define PACKAGE "tbnet"
| #define VERSION "0.1"
| #define STDC_HEADERS 1
| #define HAVE_SYS_TYPES_H 1
| #define HAVE_SYS_STAT_H 1
| #define HAVE_STDLIB_H 1
| #define HAVE_STRING_H 1
| #define HAVE_MEMORY_H 1
| #define HAVE_STRINGS_H 1
| #define HAVE_INTTYPES_H 1
| #define HAVE_STDINT_H 1
| #define HAVE_UNISTD_H 1
| #define HAVE_DLFCN_H 1
| /* end confdefs.h.  */
| #include <ac_nonexistent.h>
configure:8124: checking for objdir
configure:8139: result: .libs
configure:8431: checking if gcc supports -fno-rtti -fno-exceptions
configure:8449: gcc -c -g -O2  -fno-rtti -fno-exceptions conftest.c >&5
cc1: warning: command line option '-fno-rtti' is valid for C++/ObjC++ but not for C [enabled by default]
configure:8453: $? = 0
configure:8466: result: no
configure:8486: checking for gcc option to produce PIC
configure:8758: result: -fPIC -DPIC
configure:8770: checking if gcc PIC flag -fPIC -DPIC works
configure:8788: gcc -c -g -O2  -fPIC -DPIC -DPIC conftest.c >&5
configure:8792: $? = 0
configure:8805: result: yes
configure:8829: checking if gcc static flag -static works
configure:8857: result: yes
configure:8872: checking if gcc supports -c -o file.o
configure:8893: gcc -c -g -O2  -o out/conftest2.o conftest.c >&5
configure:8897: $? = 0
configure:8919: result: yes
configure:8927: checking if gcc supports -c -o file.o
configure:8974: result: yes
configure:9007: checking whether the gcc linker (/usr/bin/ld -m elf_x86_64) supports shared libraries
configure:9994: result: yes
configure:10031: checking whether -lc should be explicitly linked in
configure:10036: gcc -c -g -O2  conftest.c >&5
configure:10039: $? = 0
configure:10054: gcc -shared conftest.o  -v -Wl,-soname -Wl,conftest -o conftest 2\>\&1 \| /bin/grep  -lc  \>/dev/null 2\>\&1
configure:10057: $? = 0
configure:10069: result: no
configure:10233: checking dynamic linker characteristics
configure:10666: gcc -o conftest -g -O2   -Wl,-rpath -Wl,/foo conftest.c  >&5
configure:10666: $? = 0
configure:10884: result: GNU/Linux ld.so
configure:10986: checking how to hardcode library paths into programs
configure:11011: result: immediate
configure:11531: checking whether stripping libraries is possible
configure:11536: result: yes
configure:11571: checking if libtool supports shared libraries
configure:11573: result: yes
configure:11576: checking whether to build shared libraries
configure:11597: result: yes
configure:11600: checking whether to build static libraries
configure:11604: result: yes
configure:11754: checking for ld used by g++
configure:11821: result: /usr/bin/ld -m elf_x86_64
configure:11828: checking if the linker (/usr/bin/ld -m elf_x86_64) is GNU ld
configure:11843: result: yes
configure:11898: checking whether the g++ linker (/usr/bin/ld -m elf_x86_64) supports shared libraries
configure:12811: result: yes
configure:12839: g++ -c -g -O2  conftest.cpp >&5
configure:12842: $? = 0
configure:13024: checking for g++ option to produce PIC
configure:13341: result: -fPIC -DPIC
configure:13350: checking if g++ PIC flag -fPIC -DPIC works
configure:13368: g++ -c -g -O2  -fPIC -DPIC -DPIC conftest.cpp >&5
configure:13372: $? = 0
configure:13385: result: yes
configure:13406: checking if g++ static flag -static works
configure:13434: result: yes
configure:13446: checking if g++ supports -c -o file.o
configure:13467: g++ -c -g -O2  -o out/conftest2.o conftest.cpp >&5
configure:13471: $? = 0
configure:13493: result: yes
configure:13498: checking if g++ supports -c -o file.o
configure:13545: result: yes
configure:13575: checking whether the g++ linker (/usr/bin/ld -m elf_x86_64) supports shared libraries
configure:13601: result: yes
configure:13738: checking dynamic linker characteristics
configure:14119: g++ -o conftest -g -O2   -Wl,-rpath -Wl,/foo conftest.cpp  >&5
configure:14119: $? = 0
configure:14337: result: GNU/Linux ld.so
configure:14388: checking how to hardcode library paths into programs
configure:14413: result: immediate
configure:14487: checking for ANSI C header files
configure:14591: result: yes
configure:14602: checking arpa/inet.h usability
configure:14602: g++ -c -O3 -Wall -Wno-deprecated -fPIC  conftest.cpp >&5
configure:14602: $? = 0
configure:14602: result: yes
configure:14602: checking arpa/inet.h presence
configure:14602: g++ -E  conftest.cpp
configure:14602: $? = 0
configure:14602: result: yes
configure:14602: checking for arpa/inet.h
configure:14602: result: yes
configure:14602: checking fcntl.h usability
configure:14602: g++ -c -O3 -Wall -Wno-deprecated -fPIC  conftest.cpp >&5
configure:14602: $? = 0
configure:14602: result: yes
configure:14602: checking fcntl.h presence
configure:14602: g++ -E  conftest.cpp
configure:14602: $? = 0
configure:14602: result: yes
configure:14602: checking for fcntl.h
configure:14602: result: yes
configure:14602: checking netdb.h usability
configure:14602: g++ -c -O3 -Wall -Wno-deprecated -fPIC  conftest.cpp >&5
configure:14602: $? = 0
configure:14602: result: yes
configure:14602: checking netdb.h presence
configure:14602: g++ -E  conftest.cpp
configure:14602: $? = 0
configure:14602: result: yes
configure:14602: checking for netdb.h
configure:14602: result: yes
configure:14602: checking netinet/in.h usability
configure:14602: g++ -c -O3 -Wall -Wno-deprecated -fPIC  conftest.cpp >&5
configure:14602: $? = 0
configure:14602: result: yes
configure:14602: checking netinet/in.h presence
configure:14602: g++ -E  conftest.cpp
configure:14602: $? = 0
configure:14602: result: yes
configure:14602: checking for netinet/in.h
configure:14602: result: yes
configure:14602: checking for string.h
configure:14602: result: yes
configure:14602: checking for strings.h
configure:14602: result: yes
configure:14602: checking sys/socket.h usability
configure:14602: g++ -c -O3 -Wall -Wno-deprecated -fPIC  conftest.cpp >&5
configure:14602: $? = 0
configure:14602: result: yes
configure:14602: checking sys/socket.h presence
configure:14602: g++ -E  conftest.cpp
configure:14602: $? = 0
configure:14602: result: yes
configure:14602: checking for sys/socket.h
configure:14602: result: yes
configure:14602: checking sys/time.h usability
configure:14602: g++ -c -O3 -Wall -Wno-deprecated -fPIC  conftest.cpp >&5
configure:14602: $? = 0
configure:14602: result: yes
configure:14602: checking sys/time.h presence
configure:14602: g++ -E  conftest.cpp
configure:14602: $? = 0
configure:14602: result: yes
configure:14602: checking for sys/time.h
configure:14602: result: yes
configure:14602: checking for unistd.h
configure:14602: result: yes
configure:14614: checking for stdbool.h that conforms to C99
configure:14681: g++ -c -O3 -Wall -Wno-deprecated -fPIC  conftest.cpp >&5
conftest.cpp: In function 'int main()':
conftest.cpp:82:12: warning: the address of 's' will always evaluate as 'true' [-Waddress]
conftest.cpp:86:11: warning: the address of 'a' will always evaluate as 'true' [-Waddress]
conftest.cpp:86:16: warning: the address of 'b' will always evaluate as 'true' [-Waddress]
conftest.cpp:86:21: warning: the address of 'c' will always evaluate as 'true' [-Waddress]
conftest.cpp:86:26: warning: the address of 'd' will always evaluate as 'true' [-Waddress]
conftest.cpp:86:36: warning: the address of 'f' will always evaluate as 'true' [-Waddress]
conftest.cpp:86:41: warning: the address of 'g' will always evaluate as 'true' [-Waddress]
conftest.cpp:86:46: warning: the address of 'h' will always evaluate as 'true' [-Waddress]
conftest.cpp:86:51: warning: the address of 'i' will always evaluate as 'true' [-Waddress]
conftest.cpp:87:11: warning: the address of 'n' will always evaluate as 'true' [-Waddress]
conftest.cpp:87:16: warning: the address of 'o' will always evaluate as 'true' [-Waddress]
conftest.cpp:87:21: warning: the address of 'p' will always evaluate as 'true' [-Waddress]
configure:14681: $? = 0
configure:14688: result: yes
configure:14690: checking for _Bool
configure:14690: g++ -c -O3 -Wall -Wno-deprecated -fPIC  conftest.cpp >&5
conftest.cpp: In function 'int main()':
conftest.cpp:69:13: error: '_Bool' was not declared in this scope
configure:14690: $? = 1
configure: failed program was:
| /* confdefs.h */
| #define PACKAGE_NAME ""
| #define PACKAGE_TARNAME ""
| #define PACKAGE_VERSION ""
| #define PACKAGE_STRING ""
| #define PACKAGE_BUGREPORT ""
| #define PACKAGE_URL ""
| #define PACKAGE "tbnet"
| #define VERSION "0.1"
| #define STDC_HEADERS 1
| #define HAVE_SYS_TYPES_H 1
| #define HAVE_SYS_STAT_H 1
| #define HAVE_STDLIB_H 1
| #define HAVE_STRING_H 1
| #define HAVE_MEMORY_H 1
| #define HAVE_STRINGS_H 1
| #define HAVE_INTTYPES_H 1
| #define HAVE_STDINT_H 1
| #define HAVE_UNISTD_H 1
| #define HAVE_DLFCN_H 1
| #define LT_OBJDIR ".libs/"
| #define STDC_HEADERS 1
| #define HAVE_ARPA_INET_H 1
| #define HAVE_FCNTL_H 1
| #define HAVE_NETDB_H 1
| #define HAVE_NETINET_IN_H 1
| #define HAVE_STRING_H 1
| #define HAVE_STRINGS_H 1
| #define HAVE_SYS_SOCKET_H 1
| #define HAVE_SYS_TIME_H 1
| #define HAVE_UNISTD_H 1
| /* end confdefs.h.  */
| #include <stdio.h>
| #ifdef HAVE_SYS_TYPES_H
| # include <sys/types.h>
| #endif
| #ifdef HAVE_SYS_STAT_H
| # include <sys/stat.h>
| #endif
| #ifdef STDC_HEADERS
| # include <stdlib.h>
| # include <stddef.h>
| #else
| # ifdef HAVE_STDLIB_H
| #  include <stdlib.h>
| # endif
| #endif
| #ifdef HAVE_STRING_H
| # if !defined STDC_HEADERS && defined HAVE_MEMORY_H
| #  include <memory.h>
| # endif
| # include <string.h>
| #endif
| #ifdef HAVE_STRINGS_H
| # include <strings.h>
| #endif
| #ifdef HAVE_INTTYPES_H
| # include <inttypes.h>
| #endif
| #ifdef HAVE_STDINT_H
| # include <stdint.h>
| #endif
| #ifdef HAVE_UNISTD_H
| # include <unistd.h>
| #endif
| int
| main ()
| {
| if (sizeof (_Bool))
| 	 return 0;
|   ;
|   return 0;
| }
configure:14690: result: no
configure:14706: checking for an ANSI C-conforming const
configure:14771: g++ -c -O3 -Wall -Wno-deprecated -fPIC  conftest.cpp >&5
configure:14771: $? = 0
configure:14778: result: yes
configure:14786: checking for inline
configure:14802: g++ -c -O3 -Wall -Wno-deprecated -fPIC  conftest.cpp >&5
configure:14802: $? = 0
configure:14810: result: inline
configure:14828: checking for size_t
configure:14828: g++ -c -O3 -Wall -Wno-deprecated -fPIC  conftest.cpp >&5
configure:14828: $? = 0
configure:14828: g++ -c -O3 -Wall -Wno-deprecated -fPIC  conftest.cpp >&5
conftest.cpp: In function 'int main()':
conftest.cpp:70:20: error: expected primary-expression before ')' token
configure:14828: $? = 1
configure: failed program was:
| /* confdefs.h */
| #define PACKAGE_NAME ""
| #define PACKAGE_TARNAME ""
| #define PACKAGE_VERSION ""
| #define PACKAGE_STRING ""
| #define PACKAGE_BUGREPORT ""
| #define PACKAGE_URL ""
| #define PACKAGE "tbnet"
| #define VERSION "0.1"
| #define STDC_HEADERS 1
| #define HAVE_SYS_TYPES_H 1
| #define HAVE_SYS_STAT_H 1
| #define HAVE_STDLIB_H 1
| #define HAVE_STRING_H 1
| #define HAVE_MEMORY_H 1
| #define HAVE_STRINGS_H 1
| #define HAVE_INTTYPES_H 1
| #define HAVE_STDINT_H 1
| #define HAVE_UNISTD_H 1
| #define HAVE_DLFCN_H 1
| #define LT_OBJDIR ".libs/"
| #define STDC_HEADERS 1
| #define HAVE_ARPA_INET_H 1
| #define HAVE_FCNTL_H 1
| #define HAVE_NETDB_H 1
| #define HAVE_NETINET_IN_H 1
| #define HAVE_STRING_H 1
| #define HAVE_STRINGS_H 1
| #define HAVE_SYS_SOCKET_H 1
| #define HAVE_SYS_TIME_H 1
| #define HAVE_UNISTD_H 1
| #define HAVE_STDBOOL_H 1
| /* end confdefs.h.  */
| #include <stdio.h>
| #ifdef HAVE_SYS_TYPES_H
| # include <sys/types.h>
| #endif
| #ifdef HAVE_SYS_STAT_H
| # include <sys/stat.h>
| #endif
| #ifdef STDC_HEADERS
| # include <stdlib.h>
| # include <stddef.h>
| #else
| # ifdef HAVE_STDLIB_H
| #  include <stdlib.h>
| # endif
| #endif
| #ifdef HAVE_STRING_H
| # if !defined STDC_HEADERS && defined HAVE_MEMORY_H
| #  include <memory.h>
| # endif
| # include <string.h>
| #endif
| #ifdef HAVE_STRINGS_H
| # include <strings.h>
| #endif
| #ifdef HAVE_INTTYPES_H
| # include <inttypes.h>
| #endif
| #ifdef HAVE_STDINT_H
| # include <stdint.h>
| #endif
| #ifdef HAVE_UNISTD_H
| # include <unistd.h>
| #endif
| int
| main ()
| {
| if (sizeof ((size_t)))
| 	    return 0;
|   ;
|   return 0;
| }
configure:14828: result: yes
configure:14839: checking whether time.h and sys/time.h may both be included
configure:14859: g++ -c -O3 -Wall -Wno-deprecated -fPIC  conftest.cpp >&5
configure:14859: $? = 0
configure:14866: result: yes
configure:14874: checking whether struct tm is in sys/time.h or time.h
configure:14894: g++ -c -O3 -Wall -Wno-deprecated -fPIC  conftest.cpp >&5
configure:14894: $? = 0
configure:14901: result: time.h
configure:14909: checking for working volatile
configure:14928: g++ -c -O3 -Wall -Wno-deprecated -fPIC  conftest.cpp >&5
configure:14928: $? = 0
configure:14935: result: yes
configure:14947: checking for stdlib.h
configure:14947: result: yes
configure:14957: checking for GNU libc compatible malloc
configure:14981: g++ -o conftest -O3 -Wall -Wno-deprecated -fPIC   conftest.cpp  >&5
configure:14981: $? = 0
configure:14981: ./conftest
configure:14981: $? = 0
configure:14991: result: yes
configure:15012: checking for working memcmp
configure:15055: g++ -o conftest -O3 -Wall -Wno-deprecated -fPIC   conftest.cpp  >&5
configure:15055: $? = 0
configure:15055: ./conftest
configure:15055: $? = 0
configure:15065: result: yes
configure:15074: checking return type of signal handlers
configure:15092: g++ -c -O3 -Wall -Wno-deprecated -fPIC  conftest.cpp >&5
conftest.cpp: In function 'int main()':
conftest.cpp:43:27: error: void value not ignored as it ought to be
configure:15092: $? = 1
configure: failed program was:
| /* confdefs.h */
| #define PACKAGE_NAME ""
| #define PACKAGE_TARNAME ""
| #define PACKAGE_VERSION ""
| #define PACKAGE_STRING ""
| #define PACKAGE_BUGREPORT ""
| #define PACKAGE_URL ""
| #define PACKAGE "tbnet"
| #define VERSION "0.1"
| #define STDC_HEADERS 1
| #define HAVE_SYS_TYPES_H 1
| #define HAVE_SYS_STAT_H 1
| #define HAVE_STDLIB_H 1
| #define HAVE_STRING_H 1
| #define HAVE_MEMORY_H 1
| #define HAVE_STRINGS_H 1
| #define HAVE_INTTYPES_H 1
| #define HAVE_STDINT_H 1
| #define HAVE_UNISTD_H 1
| #define HAVE_DLFCN_H 1
| #define LT_OBJDIR ".libs/"
| #define STDC_HEADERS 1
| #define HAVE_ARPA_INET_H 1
| #define HAVE_FCNTL_H 1
| #define HAVE_NETDB_H 1
| #define HAVE_NETINET_IN_H 1
| #define HAVE_STRING_H 1
| #define HAVE_STRINGS_H 1
| #define HAVE_SYS_SOCKET_H 1
| #define HAVE_SYS_TIME_H 1
| #define HAVE_UNISTD_H 1
| #define HAVE_STDBOOL_H 1
| #define TIME_WITH_SYS_TIME 1
| #define HAVE_STDLIB_H 1
| #define HAVE_MALLOC 1
| /* end confdefs.h.  */
| #include <sys/types.h>
| #include <signal.h>
| 
| int
| main ()
| {
| return *(signal (0, 0)) (0) == 1;
|   ;
|   return 0;
| }
configure:15099: result: void
configure:15109: checking for vprintf
configure:15109: g++ -o conftest -O3 -Wall -Wno-deprecated -fPIC   conftest.cpp  >&5
configure:15109: $? = 0
configure:15109: result: yes
configure:15115: checking for _doprnt
configure:15115: g++ -o conftest -O3 -Wall -Wno-deprecated -fPIC   conftest.cpp  >&5
/tmp/ccUZHi7i.o: In function `main':
conftest.cpp:(.text.startup+0x5): undefined reference to `_doprnt'
collect2: error: ld returned 1 exit status
configure:15115: $? = 1
configure: failed program was:
| /* confdefs.h */
| #define PACKAGE_NAME ""
| #define PACKAGE_TARNAME ""
| #define PACKAGE_VERSION ""
| #define PACKAGE_STRING ""
| #define PACKAGE_BUGREPORT ""
| #define PACKAGE_URL ""
| #define PACKAGE "tbnet"
| #define VERSION "0.1"
| #define STDC_HEADERS 1
| #define HAVE_SYS_TYPES_H 1
| #define HAVE_SYS_STAT_H 1
| #define HAVE_STDLIB_H 1
| #define HAVE_STRING_H 1
| #define HAVE_MEMORY_H 1
| #define HAVE_STRINGS_H 1
| #define HAVE_INTTYPES_H 1
| #define HAVE_STDINT_H 1
| #define HAVE_UNISTD_H 1
| #define HAVE_DLFCN_H 1
| #define LT_OBJDIR ".libs/"
| #define STDC_HEADERS 1
| #define HAVE_ARPA_INET_H 1
| #define HAVE_FCNTL_H 1
| #define HAVE_NETDB_H 1
| #define HAVE_NETINET_IN_H 1
| #define HAVE_STRING_H 1
| #define HAVE_STRINGS_H 1
| #define HAVE_SYS_SOCKET_H 1
| #define HAVE_SYS_TIME_H 1
| #define HAVE_UNISTD_H 1
| #define HAVE_STDBOOL_H 1
| #define TIME_WITH_SYS_TIME 1
| #define HAVE_STDLIB_H 1
| #define HAVE_MALLOC 1
| #define RETSIGTYPE void
| #define HAVE_VPRINTF 1
| /* end confdefs.h.  */
| /* Define _doprnt to an innocuous variant, in case <limits.h> declares _doprnt.
|    For example, HP-UX 11i <limits.h> declares gettimeofday.  */
| #define _doprnt innocuous__doprnt
| 
| /* System header to define __stub macros and hopefully few prototypes,
|     which can conflict with char _doprnt (); below.
|     Prefer <limits.h> to <assert.h> if __STDC__ is defined, since
|     <limits.h> exists even on freestanding compilers.  */
| 
| #ifdef __STDC__
| # include <limits.h>
| #else
| # include <assert.h>
| #endif
| 
| #undef _doprnt
| 
| /* Override any GCC internal prototype to avoid an error.
|    Use char because int might match the return type of a GCC
|    builtin and then its argument prototype would still apply.  */
| #ifdef __cplusplus
| extern "C"
| #endif
| char _doprnt ();
| /* The GNU C library defines this for functions which it implements
|     to always fail with ENOSYS.  Some functions are actually named
|     something starting with __ and the normal name is an alias.  */
| #if defined __stub__doprnt || defined __stub____doprnt
| choke me
| #endif
| 
| int
| main ()
| {
| return _doprnt ();
|   ;
|   return 0;
| }
configure:15115: result: no
configure:15129: checking for dup2
configure:15129: g++ -o conftest -O3 -Wall -Wno-deprecated -fPIC   conftest.cpp  >&5
configure:15129: $? = 0
configure:15129: result: yes
configure:15129: checking for gethostbyname
configure:15129: g++ -o conftest -O3 -Wall -Wno-deprecated -fPIC   conftest.cpp  >&5
configure:15129: $? = 0
configure:15129: result: yes
configure:15129: checking for gettimeofday
configure:15129: g++ -o conftest -O3 -Wall -Wno-deprecated -fPIC   conftest.cpp  >&5
configure:15129: $? = 0
configure:15129: result: yes
configure:15129: checking for memmove
configure:15129: g++ -o conftest -O3 -Wall -Wno-deprecated -fPIC   conftest.cpp  >&5
configure:15129: $? = 0
configure:15129: result: yes
configure:15129: checking for memset
configure:15129: g++ -o conftest -O3 -Wall -Wno-deprecated -fPIC   conftest.cpp  >&5
configure:15129: $? = 0
configure:15129: result: yes
configure:15129: checking for socket
configure:15129: g++ -o conftest -O3 -Wall -Wno-deprecated -fPIC   conftest.cpp  >&5
configure:15129: $? = 0
configure:15129: result: yes
configure:15129: checking for strcasecmp
configure:15129: g++ -o conftest -O3 -Wall -Wno-deprecated -fPIC   conftest.cpp  >&5
configure:15129: $? = 0
configure:15129: result: yes
configure:15129: checking for strdup
configure:15129: g++ -o conftest -O3 -Wall -Wno-deprecated -fPIC   conftest.cpp  >&5
configure:15129: $? = 0
configure:15129: result: yes
configure:15315: creating ./config.status

## ---------------------- ##
## Running config.status. ##
## ---------------------- ##

This file was extended by config.status, which was
generated by GNU Autoconf 2.68.  Invocation command line was

  CONFIG_FILES    = 
  CONFIG_HEADERS  = 
  CONFIG_LINKS    = 
  CONFIG_COMMANDS = 
  $ ./config.status 

on xfaster

config.status:1061: creating Makefile
config.status:1061: creating src/Makefile
config.status:1061: creating src/test/Makefile
config.status:1061: creating test/Makefile
config.status:1233: executing depfiles commands
config.status:1233: executing libtool commands

## ---------------- ##
## Cache variables. ##
## ---------------- ##

ac_cv_build=x86_64-unknown-linux-gnu
ac_cv_c_compiler_gnu=yes
ac_cv_c_const=yes
ac_cv_c_inline=inline
ac_cv_c_volatile=yes
ac_cv_cxx_compiler_gnu=yes
ac_cv_env_CCC_set=
ac_cv_env_CCC_value=
ac_cv_env_CC_set=
ac_cv_env_CC_value=
ac_cv_env_CFLAGS_set=
ac_cv_env_CFLAGS_value=
ac_cv_env_CPPFLAGS_set=
ac_cv_env_CPPFLAGS_value=
ac_cv_env_CPP_set=
ac_cv_env_CPP_value=
ac_cv_env_CXXCPP_set=
ac_cv_env_CXXCPP_value=
ac_cv_env_CXXFLAGS_set=
ac_cv_env_CXXFLAGS_value=
ac_cv_env_CXX_set=
ac_cv_env_CXX_value=
ac_cv_env_LDFLAGS_set=
ac_cv_env_LDFLAGS_value=
ac_cv_env_LIBS_set=
ac_cv_env_LIBS_value=
ac_cv_env_build_alias_set=
ac_cv_env_build_alias_value=
ac_cv_env_host_alias_set=
ac_cv_env_host_alias_value=
ac_cv_env_target_alias_set=
ac_cv_env_target_alias_value=
ac_cv_func__doprnt=no
ac_cv_func_dup2=yes
ac_cv_func_gethostbyname=yes
ac_cv_func_gettimeofday=yes
ac_cv_func_malloc_0_nonnull=yes
ac_cv_func_memcmp_working=yes
ac_cv_func_memmove=yes
ac_cv_func_memset=yes
ac_cv_func_socket=yes
ac_cv_func_strcasecmp=yes
ac_cv_func_strdup=yes
ac_cv_func_vprintf=yes
ac_cv_header_arpa_inet_h=yes
ac_cv_header_dlfcn_h=yes
ac_cv_header_fcntl_h=yes
ac_cv_header_inttypes_h=yes
ac_cv_header_memory_h=yes
ac_cv_header_netdb_h=yes
ac_cv_header_netinet_in_h=yes
ac_cv_header_stdbool_h=yes
ac_cv_header_stdc=yes
ac_cv_header_stdint_h=yes
ac_cv_header_stdlib_h=yes
ac_cv_header_string_h=yes
ac_cv_header_strings_h=yes
ac_cv_header_sys_socket_h=yes
ac_cv_header_sys_stat_h=yes
ac_cv_header_sys_time_h=yes
ac_cv_header_sys_types_h=yes
ac_cv_header_time=yes
ac_cv_header_unistd_h=yes
ac_cv_host=x86_64-unknown-linux-gnu
ac_cv_objext=o
ac_cv_path_EGREP='/bin/grep -E'
ac_cv_path_FGREP='/bin/grep -F'
ac_cv_path_GREP=/bin/grep
ac_cv_path_SED=/bin/sed
ac_cv_path_install='/usr/bin/install -c'
ac_cv_path_mkdir=/bin/mkdir
ac_cv_prog_AWK=gawk
ac_cv_prog_CPP='gcc -E'
ac_cv_prog_CXXCPP='g++ -E'
ac_cv_prog_ac_ct_AR=ar
ac_cv_prog_ac_ct_CC=gcc
ac_cv_prog_ac_ct_CXX=g++
ac_cv_prog_ac_ct_OBJDUMP=objdump
ac_cv_prog_ac_ct_RANLIB=ranlib
ac_cv_prog_ac_ct_STRIP=strip
ac_cv_prog_cc_c89=
ac_cv_prog_cc_g=yes
ac_cv_prog_cxx_g=yes
ac_cv_prog_make_make_set=yes
ac_cv_struct_tm=time.h
ac_cv_type__Bool=no
ac_cv_type_signal=void
ac_cv_type_size_t=yes
am_cv_CC_dependencies_compiler_type=gcc3
am_cv_CXX_dependencies_compiler_type=gcc3
lt_cv_deplibs_check_method=pass_all
lt_cv_file_magic_cmd='$MAGIC_CMD'
lt_cv_file_magic_test_file=
lt_cv_ld_reload_flag=-r
lt_cv_nm_interface='BSD nm'
lt_cv_objdir=.libs
lt_cv_path_LD=/usr/bin/ld
lt_cv_path_LDCXX='/usr/bin/ld -m elf_x86_64'
lt_cv_path_NM='/usr/bin/nm -B'
lt_cv_prog_compiler_c_o=yes
lt_cv_prog_compiler_c_o_CXX=yes
lt_cv_prog_compiler_pic_works=yes
lt_cv_prog_compiler_pic_works_CXX=yes
lt_cv_prog_compiler_rtti_exceptions=no
lt_cv_prog_compiler_static_works=yes
lt_cv_prog_compiler_static_works_CXX=yes
lt_cv_prog_gnu_ld=yes
lt_cv_prog_gnu_ldcxx=yes
lt_cv_sys_global_symbol_pipe='sed -n -e '\''s/^.*[	 ]\([ABCDGIRSTW][ABCDGIRSTW]*\)[	 ][	 ]*\([_A-Za-z][_A-Za-z0-9]*\)$/\1 \2 \2/p'\'''
lt_cv_sys_global_symbol_to_c_name_address='sed -n -e '\''s/^: \([^ ]*\) $/  {\"\1\", (void *) 0},/p'\'' -e '\''s/^[ABCDGIRSTW]* \([^ ]*\) \([^ ]*\)$/  {"\2", (void *) \&\2},/p'\'''
lt_cv_sys_global_symbol_to_c_name_address_lib_prefix='sed -n -e '\''s/^: \([^ ]*\) $/  {\"\1\", (void *) 0},/p'\'' -e '\''s/^[ABCDGIRSTW]* \([^ ]*\) \(lib[^ ]*\)$/  {"\2", (void *) \&\2},/p'\'' -e '\''s/^[ABCDGIRSTW]* \([^ ]*\) \([^ ]*\)$/  {"lib\2", (void *) \&\2},/p'\'''
lt_cv_sys_global_symbol_to_cdecl='sed -n -e '\''s/^T .* \(.*\)$/extern int \1();/p'\'' -e '\''s/^[ABCDGIRSTW]* .* \(.*\)$/extern char \1;/p'\'''
lt_cv_sys_max_cmd_len=1572864

## ----------------- ##
## Output variables. ##
## ----------------- ##

ACLOCAL='${SHELL} /home/xan/lab/tb-common-utils/tbnet/missing --run aclocal-1.11'
AMDEPBACKSLASH='\'
AMDEP_FALSE='#'
AMDEP_TRUE=''
AMTAR='${SHELL} /home/xan/lab/tb-common-utils/tbnet/missing --run tar'
AR='ar'
AUTOCONF='${SHELL} /home/xan/lab/tb-common-utils/tbnet/missing --run autoconf'
AUTOHEADER='${SHELL} /home/xan/lab/tb-common-utils/tbnet/missing --run autoheader'
AUTOMAKE='${SHELL} /home/xan/lab/tb-common-utils/tbnet/missing --run automake-1.11'
AWK='gawk'
CC='gcc'
CCDEPMODE='depmode=gcc3'
CFLAGS='-g -O2'
CPP='gcc -E'
CPPFLAGS=''
CXX='g++'
CXXCPP='g++ -E'
CXXDEPMODE='depmode=gcc3'
CXXFLAGS='-O3 -Wall -Wno-deprecated -fPIC'
CYGPATH_W='echo'
DEFS='-DPACKAGE_NAME=\"\" -DPACKAGE_TARNAME=\"\" -DPACKAGE_VERSION=\"\" -DPACKAGE_STRING=\"\" -DPACKAGE_BUGREPORT=\"\" -DPACKAGE_URL=\"\" -DPACKAGE=\"tbnet\" -DVERSION=\"0.1\" -DSTDC_HEADERS=1 -DHAVE_SYS_TYPES_H=1 -DHAVE_SYS_STAT_H=1 -DHAVE_STDLIB_H=1 -DHAVE_STRING_H=1 -DHAVE_MEMORY_H=1 -DHAVE_STRINGS_H=1 -DHAVE_INTTYPES_H=1 -DHAVE_STDINT_H=1 -DHAVE_UNISTD_H=1 -DHAVE_DLFCN_H=1 -DLT_OBJDIR=\".libs/\" -DSTDC_HEADERS=1 -DHAVE_ARPA_INET_H=1 -DHAVE_FCNTL_H=1 -DHAVE_NETDB_H=1 -DHAVE_NETINET_IN_H=1 -DHAVE_STRING_H=1 -DHAVE_STRINGS_H=1 -DHAVE_SYS_SOCKET_H=1 -DHAVE_SYS_TIME_H=1 -DHAVE_UNISTD_H=1 -DHAVE_STDBOOL_H=1 -DTIME_WITH_SYS_TIME=1 -DHAVE_STDLIB_H=1 -DHAVE_MALLOC=1 -DRETSIGTYPE=void -DHAVE_VPRINTF=1 -DHAVE_DUP2=1 -DHAVE_GETHOSTBYNAME=1 -DHAVE_GETTIMEOFDAY=1 -DHAVE_MEMMOVE=1 -DHAVE_MEMSET=1 -DHAVE_SOCKET=1 -DHAVE_STRCASECMP=1 -DHAVE_STRDUP=1'
DEPDIR='.deps'
DSYMUTIL=''
DUMPBIN=''
ECHO_C=''
ECHO_N='-n'
ECHO_T=''
EGREP='/bin/grep -E'
EXEEXT=''
FGREP='/bin/grep -F'
GREP='/bin/grep'
INSTALL_DATA='${INSTALL} -m 644'
INSTALL_PROGRAM='${INSTALL}'
INSTALL_SCRIPT='${INSTALL}'
INSTALL_STRIP_PROGRAM='$(install_sh) -c -s'
LD='/usr/bin/ld -m elf_x86_64'
LDFLAGS=''
LIBOBJS=''
LIBS=''
LIBTOOL='$(SHELL) $(top_builddir)/libtool'
LIPO=''
LN_S='ln -s'
LTLIBOBJS=''
MAKEINFO='${SHELL} /home/xan/lab/tb-common-utils/tbnet/missing --run makeinfo'
MKDIR_P='/bin/mkdir -p'
NM='/usr/bin/nm -B'
NMEDIT=''
OBJDUMP='objdump'
OBJEXT='o'
OTOOL64=''
OTOOL=''
PACKAGE='tbnet'
PACKAGE_BUGREPORT=''
PACKAGE_NAME=''
PACKAGE_STRING=''
PACKAGE_TARNAME=''
PACKAGE_URL=''
PACKAGE_VERSION=''
PATH_SEPARATOR=':'
RANLIB='ranlib'
SED='/bin/sed'
SET_MAKE=''
SHELL='/bin/bash'
STRIP='strip'
VERSION='0.1'
ac_ct_CC='gcc'
ac_ct_CXX='g++'
ac_ct_DUMPBIN=''
am__EXEEXT_FALSE=''
am__EXEEXT_TRUE='#'
am__fastdepCC_FALSE='#'
am__fastdepCC_TRUE=''
am__fastdepCXX_FALSE='#'
am__fastdepCXX_TRUE=''
am__include='include'
am__isrc=''
am__leading_dot='.'
am__quote=''
am__tar='${AMTAR} chof - "$$tardir"'
am__untar='${AMTAR} xf -'
bindir='${exec_prefix}/bin'
build='x86_64-unknown-linux-gnu'
build_alias=''
build_cpu='x86_64'
build_os='linux-gnu'
build_vendor='unknown'
datadir='${datarootdir}'
datarootdir='${prefix}/share'
docdir='${datarootdir}/doc/${PACKAGE}'
dvidir='${docdir}'
exec_prefix='${prefix}'
host='x86_64-unknown-linux-gnu'
host_alias=''
host_cpu='x86_64'
host_os='linux-gnu'
host_vendor='unknown'
htmldir='${docdir}'
includedir='/usr/local/tbsys/include'
infodir='${datarootdir}/info'
install_sh='${SHELL} /home/xan/lab/tb-common-utils/tbnet/install-sh'
libdir='${exec_prefix}/lib'
libexecdir='${exec_prefix}/libexec'
localedir='${datarootdir}/locale'
localstatedir='${prefix}/var'
lt_ECHO='echo'
mandir='${datarootdir}/man'
mkdir_p='/bin/mkdir -p'
oldincludedir='/usr/include'
pdfdir='${docdir}'
prefix='/usr/local/tbnet'
program_transform_name='s,x,x,'
psdir='${docdir}'
sbindir='${exec_prefix}/sbin'
sharedstatedir='${prefix}/com'
sysconfdir='${prefix}/etc'
target_alias=''

## ----------- ##
## confdefs.h. ##
## ----------- ##

/* confdefs.h */
#define PACKAGE_NAME ""
#define PACKAGE_TARNAME ""
#define PACKAGE_VERSION ""
#define PACKAGE_STRING ""
#define PACKAGE_BUGREPORT ""
#define PACKAGE_URL ""
#define PACKAGE "tbnet"
#define VERSION "0.1"
#define STDC_HEADERS 1
#define HAVE_SYS_TYPES_H 1
#define HAVE_SYS_STAT_H 1
#define HAVE_STDLIB_H 1
#define HAVE_STRING_H 1
#define HAVE_MEMORY_H 1
#define HAVE_STRINGS_H 1
#define HAVE_INTTYPES_H 1
#define HAVE_STDINT_H 1
#define HAVE_UNISTD_H 1
#define HAVE_DLFCN_H 1
#define LT_OBJDIR ".libs/"
#define STDC_HEADERS 1
#define HAVE_ARPA_INET_H 1
#define HAVE_FCNTL_H 1
#define HAVE_NETDB_H 1
#define HAVE_NETINET_IN_H 1
#define HAVE_STRING_H 1
#define HAVE_STRINGS_H 1
#define HAVE_SYS_SOCKET_H 1
#define HAVE_SYS_TIME_H 1
#define HAVE_UNISTD_H 1
#define HAVE_STDBOOL_H 1
#define TIME_WITH_SYS_TIME 1
#define HAVE_STDLIB_H 1
#define HAVE_MALLOC 1
#define RETSIGTYPE void
#define HAVE_VPRINTF 1
#define HAVE_DUP2 1
#define HAVE_GETHOSTBYNAME 1
#define HAVE_GETTIMEOFDAY 1
#define HAVE_MEMMOVE 1
#define HAVE_MEMSET 1
#define HAVE_SOCKET 1
#define HAVE_STRCASECMP 1
#define HAVE_STRDUP 1

configure: exit 0
